0 info it worked if it ends with ok
1 verbose cli [ '/usr/bin/node6', '/usr/bin/npm-default', 'run', 'server' ]
2 info using npm@3.10.10
3 info using node@v6.14.1
4 verbose stack Error: missing script: server
4 verbose stack     at run (/usr/lib64/node_modules/npm6/lib/run-script.js:151:19)
4 verbose stack     at /usr/lib64/node_modules/npm6/lib/run-script.js:61:5
4 verbose stack     at /usr/lib64/node_modules/npm6/node_modules/read-package-json/read-json.js:356:5
4 verbose stack     at checkBinReferences_ (/usr/lib64/node_modules/npm6/node_modules/read-package-json/read-json.js:320:45)
4 verbose stack     at final (/usr/lib64/node_modules/npm6/node_modules/read-package-json/read-json.js:354:3)
4 verbose stack     at then (/usr/lib64/node_modules/npm6/node_modules/read-package-json/read-json.js:124:5)
4 verbose stack     at /usr/lib64/node_modules/npm6/node_modules/read-package-json/read-json.js:311:12
4 verbose stack     at /usr/lib64/node_modules/npm6/node_modules/graceful-fs/graceful-fs.js:78:16
4 verbose stack     at tryToString (fs.js:457:3)
4 verbose stack     at FSReqWrap.readFileAfterClose [as oncomplete] (fs.js:444:12)
5 verbose cwd /mnt/c/Users/austi/OneDrive/Documents/Classes/CS/cs290/final-project-final-project-group-42
6 error Linux 4.4.0-17134-Microsoft
7 error argv "/usr/bin/node6" "/usr/bin/npm-default" "run" "server"
8 error node v6.14.1
9 error npm  v3.10.10
10 error missing script: server
11 error If you need help, you may report this error at:
11 error     <https://github.com/npm/npm/issues>
12 verbose exit [ 1, true ]
