0 info it worked if it ends with ok
1 verbose cli [ '/usr/bin/node6', '/usr/bin/npm-default', 'run', 'build' ]
2 info using npm@3.10.10
3 info using node@v6.14.1
4 verbose run-script [ 'prebuild', 'build', 'postbuild' ]
5 info lifecycle Mixer@1.0.0~prebuild: Mixer@1.0.0
6 silly lifecycle Mixer@1.0.0~prebuild: no script for prebuild, continuing
7 info lifecycle Mixer@1.0.0~build: Mixer@1.0.0
8 verbose lifecycle Mixer@1.0.0~build: unsafe-perm in lifecycle true
9 verbose lifecycle Mixer@1.0.0~build: PATH: /usr/lib64/node_modules/npm6/bin/node-gyp-bin:/mnt/c/Users/austi/OneDrive/Documents/Classes/CS/cs290/final-project-final-project-group-42/node_modules/.bin:/home/wilmotha/bin:/usr/local/sbin:/usr/local/bin:/usr/sbin:/usr/bin:/sbin:/bin:/usr/games:/usr/local/games:/mnt/c/Program Files (x86)/Common Files/Oracle/Java/javapath_target_101875187:/mnt/c/ProgramData/Oracle/Java/javapath_target_102124937:/mnt/c/Program Files (x86)/Intel/Intel(R) Management Engine Components/iCLS:/mnt/c/Program Files/Intel/Intel(R) Management Engine Components/iCLS:/mnt/c/Windows/System32:/mnt/c/Windows:/mnt/c/Windows/System32/wbem:/mnt/c/Windows/System32/WindowsPowerShell/v1.0:/mnt/c/Program Files (x86)/Intel/Intel(R) Management Engine Components/DAL:/mnt/c/Program Files/Intel/Intel(R) Management Engine Components/DAL:/mnt/c/Program Files (x86)/Intel/Intel(R) Management Engine Components/IPT:/mnt/c/Program Files/Intel/Intel(R) Management Engine Components/IPT:/mnt/c/Program Files (x86)/NVIDIA Corporation/PhysX/Common:/mnt/c/Windows/System32:/mnt/c/Windows:/mnt/c/Windows/System32/wbem:/mnt/c/Windows/System32/WindowsPowerShell/v1.0:/mnt/c/Windows/System32/OpenSSH:/mnt/c/Program Files/nodejs:/mnt/c/Users/austi/AppData/Local/Microsoft/WindowsApps:/mnt/c/Users/austi/AppData/Local/atom/bin:/mnt/c/Users/austi/AppData/Local/Programs/MiKTeX 2.9/miktex/bin/x64:/mnt/c/Modeltech_pe_edu_10.4a/win32pe_edu:/mnt/c/Users/austi/AppData/Local/Microsoft/WindowsApps:/mnt/c/Users/austi/AppData/Roaming/npm:/mnt/c/Users/austi/AppData/Local/atom/bin:/usr/games:/usr/lib/mit/bin:/usr/lib/mit/sbin
10 verbose lifecycle Mixer@1.0.0~build: CWD: /mnt/c/Users/austi/OneDrive/Documents/Classes/CS/cs290/final-project-final-project-group-42
11 silly lifecycle Mixer@1.0.0~build: Args: [ '-c',
11 silly lifecycle   'handlebars view/mixer.handlebars -f public/templates/mixer.js && handlebars view/partials/createButtonTemplate.handlebars -f public/templates/createButton.js && handlebars view/partials/headerTemplate.handlebars -f public/templates/header.js && handlebars view/partials/playlistBoxTemplate.handlebars -f public/templates/playlistBox.js && handlebars view/partials/errorTemplate.handlebars -f public/templates/error.js && handlebars view/partials/songInfoTemplate.handlebars -f public/templates/songInfo.js' ]
12 silly lifecycle Mixer@1.0.0~build: Returned: code: 1  signal: null
13 info lifecycle Mixer@1.0.0~build: Failed to exec build script
14 verbose stack Error: Mixer@1.0.0 build: `handlebars view/mixer.handlebars -f public/templates/mixer.js && handlebars view/partials/createButtonTemplate.handlebars -f public/templates/createButton.js && handlebars view/partials/headerTemplate.handlebars -f public/templates/header.js && handlebars view/partials/playlistBoxTemplate.handlebars -f public/templates/playlistBox.js && handlebars view/partials/errorTemplate.handlebars -f public/templates/error.js && handlebars view/partials/songInfoTemplate.handlebars -f public/templates/songInfo.js`
14 verbose stack Exit status 1
14 verbose stack     at EventEmitter.<anonymous> (/usr/lib64/node_modules/npm6/lib/utils/lifecycle.js:255:16)
14 verbose stack     at emitTwo (events.js:106:13)
14 verbose stack     at EventEmitter.emit (events.js:191:7)
14 verbose stack     at ChildProcess.<anonymous> (/usr/lib64/node_modules/npm6/lib/utils/spawn.js:40:14)
14 verbose stack     at emitTwo (events.js:106:13)
14 verbose stack     at ChildProcess.emit (events.js:191:7)
14 verbose stack     at maybeClose (internal/child_process.js:920:16)
14 verbose stack     at Process.ChildProcess._handle.onexit (internal/child_process.js:230:5)
15 verbose pkgid Mixer@1.0.0
16 verbose cwd /mnt/c/Users/austi/OneDrive/Documents/Classes/CS/cs290/final-project-final-project-group-42/public
17 error Linux 4.4.0-17134-Microsoft
18 error argv "/usr/bin/node6" "/usr/bin/npm-default" "run" "build"
19 error node v6.14.1
20 error npm  v3.10.10
21 error code ELIFECYCLE
22 error Mixer@1.0.0 build: `handlebars view/mixer.handlebars -f public/templates/mixer.js && handlebars view/partials/createButtonTemplate.handlebars -f public/templates/createButton.js && handlebars view/partials/headerTemplate.handlebars -f public/templates/header.js && handlebars view/partials/playlistBoxTemplate.handlebars -f public/templates/playlistBox.js && handlebars view/partials/errorTemplate.handlebars -f public/templates/error.js && handlebars view/partials/songInfoTemplate.handlebars -f public/templates/songInfo.js`
22 error Exit status 1
23 error Failed at the Mixer@1.0.0 build script 'handlebars view/mixer.handlebars -f public/templates/mixer.js && handlebars view/partials/createButtonTemplate.handlebars -f public/templates/createButton.js && handlebars view/partials/headerTemplate.handlebars -f public/templates/header.js && handlebars view/partials/playlistBoxTemplate.handlebars -f public/templates/playlistBox.js && handlebars view/partials/errorTemplate.handlebars -f public/templates/error.js && handlebars view/partials/songInfoTemplate.handlebars -f public/templates/songInfo.js'.
23 error Make sure you have the latest version of node.js and npm installed.
23 error If you do, this is most likely a problem with the Mixer package,
23 error not with npm itself.
23 error Tell the author that this fails on your system:
23 error     handlebars view/mixer.handlebars -f public/templates/mixer.js && handlebars view/partials/createButtonTemplate.handlebars -f public/templates/createButton.js && handlebars view/partials/headerTemplate.handlebars -f public/templates/header.js && handlebars view/partials/playlistBoxTemplate.handlebars -f public/templates/playlistBox.js && handlebars view/partials/errorTemplate.handlebars -f public/templates/error.js && handlebars view/partials/songInfoTemplate.handlebars -f public/templates/songInfo.js
23 error You can get information on how to open an issue for this project with:
23 error     npm bugs Mixer
23 error Or if that isn't available, you can get their info via:
23 error     npm owner ls Mixer
23 error There is likely additional logging output above.
24 verbose exit [ 1, true ]
